INFO:root:Using device cpu, seed=1234, training on go_emotion dataset.
INFO:root:train | loss: 20.4660 acc: 0.2998, f1: 0.3358
INFO:root:Training time for this epoch: 4989.97
INFO:root:valid | loss: 11.3429 acc: 0.5332, f1: 0.5844
INFO:root:test | acc: 0.5164, f1: 0.5688
INFO:root:Inference time for this epoch: 270.97
INFO:root:[valid loss new low] test | acc: 0.5164, f1: 0.5688
INFO:root:[valid f1 new high] test | acc: 0.5164, f1: 0.5688
INFO:root:[best] valid | acc: 0.5332, f1: 0.5844
 test | acc: 0.5164, f1: 0.5688
INFO:root:train | loss: 9.6257 acc: 0.5828, f1: 0.6133
INFO:root:Training time for this epoch: 4968.29
INFO:root:valid | loss: 7.8526 acc: 0.6093, f1: 0.6301
INFO:root:test | acc: 0.5999, f1: 0.6256
INFO:root:Inference time for this epoch: 270.77
INFO:root:[valid loss new low] test | acc: 0.5999, f1: 0.6256
INFO:root:[valid f1 new high] test | acc: 0.5999, f1: 0.6256
INFO:root:[best] valid | acc: 0.6093, f1: 0.6301
 test | acc: 0.5999, f1: 0.6256
INFO:root:train | loss: 7.2276 acc: 0.6357, f1: 0.6514
INFO:root:Training time for this epoch: 5493.30
INFO:root:valid | loss: 6.3860 acc: 0.6434, f1: 0.6586
INFO:root:test | acc: 0.6273, f1: 0.6444
INFO:root:Inference time for this epoch: 297.00
INFO:root:[valid loss new low] test | acc: 0.6273, f1: 0.6444
INFO:root:[valid f1 new high] test | acc: 0.6273, f1: 0.6444
INFO:root:[best] valid | acc: 0.6434, f1: 0.6586
 test | acc: 0.6273, f1: 0.6444
INFO:root:train | loss: 5.9916 acc: 0.6626, f1: 0.6740
INFO:root:Training time for this epoch: 5483.83
INFO:root:valid | loss: 6.0973 acc: 0.6404, f1: 0.6504
INFO:root:test | acc: 0.6374, f1: 0.6487
INFO:root:Inference time for this epoch: 290.76
INFO:root:[valid loss new low] test | acc: 0.6374, f1: 0.6487
INFO:root:[best] valid | acc: 0.6434, f1: 0.6586
 test | acc: 0.6374, f1: 0.6487
INFO:root:train | loss: 5.0466 acc: 0.6871, f1: 0.6966
INFO:root:Training time for this epoch: 5557.04
INFO:root:valid | loss: 6.1836 acc: 0.6458, f1: 0.6506
INFO:root:test | acc: 0.6448, f1: 0.6516
INFO:root:Inference time for this epoch: 296.11
INFO:root:[best] valid | acc: 0.6434, f1: 0.6586
 test | acc: 0.6448, f1: 0.6516
INFO:root:train | loss: 4.2002 acc: 0.7054, f1: 0.7135
INFO:root:Training time for this epoch: 5499.35
INFO:root:valid | loss: 5.5514 acc: 0.6414, f1: 0.6456
INFO:root:test | acc: 0.6387, f1: 0.6430
INFO:root:Inference time for this epoch: 293.68
INFO:root:[valid loss new low] test | acc: 0.6387, f1: 0.6430
INFO:root:[best] valid | acc: 0.6434, f1: 0.6586
 test | acc: 0.6448, f1: 0.6516
INFO:root:train | loss: 3.5349 acc: 0.7226, f1: 0.7299
INFO:root:Training time for this epoch: 5534.93
INFO:root:valid | loss: 6.7336 acc: 0.6461, f1: 0.6548
INFO:root:test | acc: 0.6488, f1: 0.6581
INFO:root:Inference time for this epoch: 290.78
INFO:root:[best] valid | acc: 0.6434, f1: 0.6586
 test | acc: 0.6488, f1: 0.6581
INFO:root:train | loss: 2.8670 acc: 0.7416, f1: 0.7484
INFO:root:Training time for this epoch: 5501.50
INFO:root:valid | loss: 5.6314 acc: 0.6417, f1: 0.6453
INFO:root:test | acc: 0.6505, f1: 0.6561
INFO:root:Inference time for this epoch: 293.86
INFO:root:[best] valid | acc: 0.6434, f1: 0.6586
 test | acc: 0.6488, f1: 0.6581
INFO:root:train | loss: 2.2141 acc: 0.7573, f1: 0.7635
INFO:root:Training time for this epoch: 5498.27
INFO:root:valid | loss: 5.8651 acc: 0.6570, f1: 0.6613
INFO:root:test | acc: 0.6414, f1: 0.6474
INFO:root:Inference time for this epoch: 291.86
INFO:root:[valid f1 new high] test | acc: 0.6414, f1: 0.6474
INFO:root:[best] valid | acc: 0.6570, f1: 0.6613
 test | acc: 0.6488, f1: 0.6581
INFO:root:train | loss: 1.5980 acc: 0.7757, f1: 0.7805
INFO:root:Training time for this epoch: 5441.77
INFO:root:valid | loss: 5.1897 acc: 0.6390, f1: 0.6444
INFO:root:test | acc: 0.6424, f1: 0.6468
INFO:root:Inference time for this epoch: 294.06
INFO:root:[valid loss new low] test | acc: 0.6424, f1: 0.6468
INFO:root:[best] valid | acc: 0.6570, f1: 0.6613
 test | acc: 0.6488, f1: 0.6581
INFO:root:train | loss: 1.0430 acc: 0.7879, f1: 0.7925
INFO:root:Training time for this epoch: 5401.04
INFO:root:valid | loss: 7.9931 acc: 0.6390, f1: 0.6430
INFO:root:test | acc: 0.6444, f1: 0.6492
INFO:root:Inference time for this epoch: 272.62
INFO:root:[best] valid | acc: 0.6570, f1: 0.6613
 test | acc: 0.6488, f1: 0.6581
INFO:root:train | loss: 0.5271 acc: 0.8027, f1: 0.8068
INFO:root:Training time for this epoch: 5150.25
INFO:root:valid | loss: 6.8840 acc: 0.6441, f1: 0.6441
INFO:root:test | acc: 0.6401, f1: 0.6412
INFO:root:Inference time for this epoch: 266.12
INFO:root:[best] valid | acc: 0.6570, f1: 0.6613
 test | acc: 0.6488, f1: 0.6581
INFO:root:train | loss: -0.0721 acc: 0.8220, f1: 0.8249
INFO:root:Training time for this epoch: 5066.32
INFO:root:valid | loss: 7.2740 acc: 0.6424, f1: 0.6471
INFO:root:test | acc: 0.6297, f1: 0.6351
INFO:root:Inference time for this epoch: 270.61
INFO:root:[best] valid | acc: 0.6570, f1: 0.6613
 test | acc: 0.6488, f1: 0.6581
INFO:root:train | loss: -0.5229 acc: 0.8340, f1: 0.8368
INFO:root:Training time for this epoch: 5002.73
INFO:root:valid | loss: 5.5416 acc: 0.6499, f1: 0.6527
INFO:root:test | acc: 0.6387, f1: 0.6417
INFO:root:Inference time for this epoch: 271.23
INFO:root:[best] valid | acc: 0.6570, f1: 0.6613
 test | acc: 0.6488, f1: 0.6581
INFO:root:train | loss: -0.9748 acc: 0.8465, f1: 0.8488
INFO:root:Training time for this epoch: 4992.36
INFO:root:valid | loss: 6.5185 acc: 0.6397, f1: 0.6463
INFO:root:test | acc: 0.6340, f1: 0.6400
INFO:root:Inference time for this epoch: 265.17
INFO:root:[best] valid | acc: 0.6570, f1: 0.6613
 test | acc: 0.6488, f1: 0.6581
INFO:root:train | loss: -1.4771 acc: 0.8626, f1: 0.8647
INFO:root:Training time for this epoch: 4927.02
INFO:root:valid | loss: 6.6387 acc: 0.6313, f1: 0.6308
INFO:root:test | acc: 0.6334, f1: 0.6329
INFO:root:Inference time for this epoch: 259.44
INFO:root:[best] valid | acc: 0.6570, f1: 0.6613
 test | acc: 0.6488, f1: 0.6581
INFO:root:Using device cpu, seed=1234, training on go_emotion dataset.
INFO:root:Training started for epoch 1 form 20 epochs
